Determining if the function bind exists in the socket failed with the following output:
Change Dir: /home/willsong/advdb/src/dbt2/CMakeFiles/CMakeTmp

Run Build Command:/usr/bin/make "cmTryCompileExec/fast"
/usr/bin/make -f CMakeFiles/cmTryCompileExec.dir/build.make CMakeFiles/cmTryCompileExec.dir/build
make[1]: Entering directory `/home/willsong/advdb/src/dbt2/CMakeFiles/CMakeTmp'
/usr/bin/cmake -E cmake_progress_report /home/willsong/advdb/src/dbt2/CMakeFiles/CMakeTmp/CMakeFiles 1
Building C object CMakeFiles/cmTryCompileExec.dir/CheckFunctionExists.c.o
/usr/bin/gcc   -DCHECK_FUNCTION_EXISTS=bind   -o CMakeFiles/cmTryCompileExec.dir/CheckFunctionExists.c.o   -c /usr/share/cmake-2.8/Modules/CheckFunctionExists.c
Linking C executable cmTryCompileExec
/usr/bin/cmake -E cmake_link_script CMakeFiles/cmTryCompileExec.dir/link.txt --verbose=1
/usr/bin/gcc     -DCHECK_FUNCTION_EXISTS=bind    CMakeFiles/cmTryCompileExec.dir/CheckFunctionExists.c.o  -o cmTryCompileExec -rdynamic -lsocket 
/usr/bin/ld: cannot find -lsocket
collect2: ld returned 1 exit status
make[1]: *** [cmTryCompileExec] Error 1
make[1]: Leaving directory `/home/willsong/advdb/src/dbt2/CMakeFiles/CMakeTmp'
make: *** [cmTryCompileExec/fast] Error 2


Determining if the function recv exists in the socket failed with the following output:
Change Dir: /home/willsong/advdb/src/dbt2/CMakeFiles/CMakeTmp

Run Build Command:/usr/bin/make "cmTryCompileExec/fast"
/usr/bin/make -f CMakeFiles/cmTryCompileExec.dir/build.make CMakeFiles/cmTryCompileExec.dir/build
make[1]: Entering directory `/home/willsong/advdb/src/dbt2/CMakeFiles/CMakeTmp'
/usr/bin/cmake -E cmake_progress_report /home/willsong/advdb/src/dbt2/CMakeFiles/CMakeTmp/CMakeFiles 1
Building C object CMakeFiles/cmTryCompileExec.dir/CheckFunctionExists.c.o
/usr/bin/gcc   -DCHECK_FUNCTION_EXISTS=recv   -o CMakeFiles/cmTryCompileExec.dir/CheckFunctionExists.c.o   -c /usr/share/cmake-2.8/Modules/CheckFunctionExists.c
Linking C executable cmTryCompileExec
/usr/bin/cmake -E cmake_link_script CMakeFiles/cmTryCompileExec.dir/link.txt --verbose=1
/usr/bin/gcc     -DCHECK_FUNCTION_EXISTS=recv    CMakeFiles/cmTryCompileExec.dir/CheckFunctionExists.c.o  -o cmTryCompileExec -rdynamic -lsocket 
/usr/bin/ld: cannot find -lsocket
collect2: ld returned 1 exit status
make[1]: *** [cmTryCompileExec] Error 1
make[1]: Leaving directory `/home/willsong/advdb/src/dbt2/CMakeFiles/CMakeTmp'
make: *** [cmTryCompileExec/fast] Error 2


Determining if the function send exists in the socket failed with the following output:
Change Dir: /home/willsong/advdb/src/dbt2/CMakeFiles/CMakeTmp

Run Build Command:/usr/bin/make "cmTryCompileExec/fast"
/usr/bin/make -f CMakeFiles/cmTryCompileExec.dir/build.make CMakeFiles/cmTryCompileExec.dir/build
make[1]: Entering directory `/home/willsong/advdb/src/dbt2/CMakeFiles/CMakeTmp'
/usr/bin/cmake -E cmake_progress_report /home/willsong/advdb/src/dbt2/CMakeFiles/CMakeTmp/CMakeFiles 1
Building C object CMakeFiles/cmTryCompileExec.dir/CheckFunctionExists.c.o
/usr/bin/gcc   -DCHECK_FUNCTION_EXISTS=send   -o CMakeFiles/cmTryCompileExec.dir/CheckFunctionExists.c.o   -c /usr/share/cmake-2.8/Modules/CheckFunctionExists.c
Linking C executable cmTryCompileExec
/usr/bin/cmake -E cmake_link_script CMakeFiles/cmTryCompileExec.dir/link.txt --verbose=1
/usr/bin/gcc     -DCHECK_FUNCTION_EXISTS=send    CMakeFiles/cmTryCompileExec.dir/CheckFunctionExists.c.o  -o cmTryCompileExec -rdynamic -lsocket 
/usr/bin/ld: cannot find -lsocket
collect2: ld returned 1 exit status
make[1]: *** [cmTryCompileExec] Error 1
make[1]: Leaving directory `/home/willsong/advdb/src/dbt2/CMakeFiles/CMakeTmp'
make: *** [cmTryCompileExec/fast] Error 2


Determining if the function accept exists in the socket failed with the following output:
Change Dir: /home/willsong/advdb/src/dbt2/CMakeFiles/CMakeTmp

Run Build Command:/usr/bin/make "cmTryCompileExec/fast"
/usr/bin/make -f CMakeFiles/cmTryCompileExec.dir/build.make CMakeFiles/cmTryCompileExec.dir/build
make[1]: Entering directory `/home/willsong/advdb/src/dbt2/CMakeFiles/CMakeTmp'
/usr/bin/cmake -E cmake_progress_report /home/willsong/advdb/src/dbt2/CMakeFiles/CMakeTmp/CMakeFiles 1
Building C object CMakeFiles/cmTryCompileExec.dir/CheckFunctionExists.c.o
/usr/bin/gcc   -DCHECK_FUNCTION_EXISTS=accept   -o CMakeFiles/cmTryCompileExec.dir/CheckFunctionExists.c.o   -c /usr/share/cmake-2.8/Modules/CheckFunctionExists.c
Linking C executable cmTryCompileExec
/usr/bin/cmake -E cmake_link_script CMakeFiles/cmTryCompileExec.dir/link.txt --verbose=1
/usr/bin/gcc     -DCHECK_FUNCTION_EXISTS=accept    CMakeFiles/cmTryCompileExec.dir/CheckFunctionExists.c.o  -o cmTryCompileExec -rdynamic -lsocket 
/usr/bin/ld: cannot find -lsocket
collect2: ld returned 1 exit status
make[1]: *** [cmTryCompileExec] Error 1
make[1]: Leaving directory `/home/willsong/advdb/src/dbt2/CMakeFiles/CMakeTmp'
make: *** [cmTryCompileExec/fast] Error 2


Determining if the function listen exists in the socket failed with the following output:
Change Dir: /home/willsong/advdb/src/dbt2/CMakeFiles/CMakeTmp

Run Build Command:/usr/bin/make "cmTryCompileExec/fast"
/usr/bin/make -f CMakeFiles/cmTryCompileExec.dir/build.make CMakeFiles/cmTryCompileExec.dir/build
make[1]: Entering directory `/home/willsong/advdb/src/dbt2/CMakeFiles/CMakeTmp'
/usr/bin/cmake -E cmake_progress_report /home/willsong/advdb/src/dbt2/CMakeFiles/CMakeTmp/CMakeFiles 1
Building C object CMakeFiles/cmTryCompileExec.dir/CheckFunctionExists.c.o
/usr/bin/gcc   -DCHECK_FUNCTION_EXISTS=listen   -o CMakeFiles/cmTryCompileExec.dir/CheckFunctionExists.c.o   -c /usr/share/cmake-2.8/Modules/CheckFunctionExists.c
Linking C executable cmTryCompileExec
/usr/bin/cmake -E cmake_link_script CMakeFiles/cmTryCompileExec.dir/link.txt --verbose=1
/usr/bin/gcc     -DCHECK_FUNCTION_EXISTS=listen    CMakeFiles/cmTryCompileExec.dir/CheckFunctionExists.c.o  -o cmTryCompileExec -rdynamic -lsocket 
/usr/bin/ld: cannot find -lsocket
collect2: ld returned 1 exit status
make[1]: *** [cmTryCompileExec] Error 1
make[1]: Leaving directory `/home/willsong/advdb/src/dbt2/CMakeFiles/CMakeTmp'
make: *** [cmTryCompileExec/fast] Error 2


Determining if the function getprotobyname exists in the socket failed with the following output:
Change Dir: /home/willsong/advdb/src/dbt2/CMakeFiles/CMakeTmp

Run Build Command:/usr/bin/make "cmTryCompileExec/fast"
/usr/bin/make -f CMakeFiles/cmTryCompileExec.dir/build.make CMakeFiles/cmTryCompileExec.dir/build
make[1]: Entering directory `/home/willsong/advdb/src/dbt2/CMakeFiles/CMakeTmp'
/usr/bin/cmake -E cmake_progress_report /home/willsong/advdb/src/dbt2/CMakeFiles/CMakeTmp/CMakeFiles 1
Building C object CMakeFiles/cmTryCompileExec.dir/CheckFunctionExists.c.o
/usr/bin/gcc   -DCHECK_FUNCTION_EXISTS=getprotobyname   -o CMakeFiles/cmTryCompileExec.dir/CheckFunctionExists.c.o   -c /usr/share/cmake-2.8/Modules/CheckFunctionExists.c
Linking C executable cmTryCompileExec
/usr/bin/cmake -E cmake_link_script CMakeFiles/cmTryCompileExec.dir/link.txt --verbose=1
/usr/bin/gcc     -DCHECK_FUNCTION_EXISTS=getprotobyname    CMakeFiles/cmTryCompileExec.dir/CheckFunctionExists.c.o  -o cmTryCompileExec -rdynamic -lsocket 
/usr/bin/ld: cannot find -lsocket
collect2: ld returned 1 exit status
make[1]: *** [cmTryCompileExec] Error 1
make[1]: Leaving directory `/home/willsong/advdb/src/dbt2/CMakeFiles/CMakeTmp'
make: *** [cmTryCompileExec/fast] Error 2


Determining if the function socket exists in the socket failed with the following output:
Change Dir: /home/willsong/advdb/src/dbt2/CMakeFiles/CMakeTmp

Run Build Command:/usr/bin/make "cmTryCompileExec/fast"
/usr/bin/make -f CMakeFiles/cmTryCompileExec.dir/build.make CMakeFiles/cmTryCompileExec.dir/build
make[1]: Entering directory `/home/willsong/advdb/src/dbt2/CMakeFiles/CMakeTmp'
/usr/bin/cmake -E cmake_progress_report /home/willsong/advdb/src/dbt2/CMakeFiles/CMakeTmp/CMakeFiles 1
Building C object CMakeFiles/cmTryCompileExec.dir/CheckFunctionExists.c.o
/usr/bin/gcc   -DCHECK_FUNCTION_EXISTS=socket   -o CMakeFiles/cmTryCompileExec.dir/CheckFunctionExists.c.o   -c /usr/share/cmake-2.8/Modules/CheckFunctionExists.c
Linking C executable cmTryCompileExec
/usr/bin/cmake -E cmake_link_script CMakeFiles/cmTryCompileExec.dir/link.txt --verbose=1
/usr/bin/gcc     -DCHECK_FUNCTION_EXISTS=socket    CMakeFiles/cmTryCompileExec.dir/CheckFunctionExists.c.o  -o cmTryCompileExec -rdynamic -lsocket 
/usr/bin/ld: cannot find -lsocket
collect2: ld returned 1 exit status
make[1]: *** [cmTryCompileExec] Error 1
make[1]: Leaving directory `/home/willsong/advdb/src/dbt2/CMakeFiles/CMakeTmp'
make: *** [cmTryCompileExec/fast] Error 2


Determining if the function setsockopt exists in the socket failed with the following output:
Change Dir: /home/willsong/advdb/src/dbt2/CMakeFiles/CMakeTmp

Run Build Command:/usr/bin/make "cmTryCompileExec/fast"
/usr/bin/make -f CMakeFiles/cmTryCompileExec.dir/build.make CMakeFiles/cmTryCompileExec.dir/build
make[1]: Entering directory `/home/willsong/advdb/src/dbt2/CMakeFiles/CMakeTmp'
/usr/bin/cmake -E cmake_progress_report /home/willsong/advdb/src/dbt2/CMakeFiles/CMakeTmp/CMakeFiles 1
Building C object CMakeFiles/cmTryCompileExec.dir/CheckFunctionExists.c.o
/usr/bin/gcc   -DCHECK_FUNCTION_EXISTS=setsockopt   -o CMakeFiles/cmTryCompileExec.dir/CheckFunctionExists.c.o   -c /usr/share/cmake-2.8/Modules/CheckFunctionExists.c
Linking C executable cmTryCompileExec
/usr/bin/cmake -E cmake_link_script CMakeFiles/cmTryCompileExec.dir/link.txt --verbose=1
/usr/bin/gcc     -DCHECK_FUNCTION_EXISTS=setsockopt    CMakeFiles/cmTryCompileExec.dir/CheckFunctionExists.c.o  -o cmTryCompileExec -rdynamic -lsocket 
/usr/bin/ld: cannot find -lsocket
collect2: ld returned 1 exit status
make[1]: *** [cmTryCompileExec] Error 1
make[1]: Leaving directory `/home/willsong/advdb/src/dbt2/CMakeFiles/CMakeTmp'
make: *** [cmTryCompileExec/fast] Error 2


Determining if the function connect exists in the socket failed with the following output:
Change Dir: /home/willsong/advdb/src/dbt2/CMakeFiles/CMakeTmp

Run Build Command:/usr/bin/make "cmTryCompileExec/fast"
/usr/bin/make -f CMakeFiles/cmTryCompileExec.dir/build.make CMakeFiles/cmTryCompileExec.dir/build
make[1]: Entering directory `/home/willsong/advdb/src/dbt2/CMakeFiles/CMakeTmp'
/usr/bin/cmake -E cmake_progress_report /home/willsong/advdb/src/dbt2/CMakeFiles/CMakeTmp/CMakeFiles 1
Building C object CMakeFiles/cmTryCompileExec.dir/CheckFunctionExists.c.o
/usr/bin/gcc   -DCHECK_FUNCTION_EXISTS=connect   -o CMakeFiles/cmTryCompileExec.dir/CheckFunctionExists.c.o   -c /usr/share/cmake-2.8/Modules/CheckFunctionExists.c
Linking C executable cmTryCompileExec
/usr/bin/cmake -E cmake_link_script CMakeFiles/cmTryCompileExec.dir/link.txt --verbose=1
/usr/bin/gcc     -DCHECK_FUNCTION_EXISTS=connect    CMakeFiles/cmTryCompileExec.dir/CheckFunctionExists.c.o  -o cmTryCompileExec -rdynamic -lsocket 
/usr/bin/ld: cannot find -lsocket
collect2: ld returned 1 exit status
make[1]: *** [cmTryCompileExec] Error 1
make[1]: Leaving directory `/home/willsong/advdb/src/dbt2/CMakeFiles/CMakeTmp'
make: *** [cmTryCompileExec/fast] Error 2


